<?xml version="1.0" encoding="UTF-8"?>
<robot generator="Robot 3.1.2 (Python 3.7.0 on win32)" generated="20200714 15:41:18.372" rpa="false">
<suite id="s1" name="Login" source="D:\Login\testLogin\login.robot">
<test id="s1-t1" name="LoginSuccess">
<kw name="openLoginPage" type="setup">
<arguments>
<arg>${url}</arg>
<arg>${browser}</arg>
</arguments>
<kw name="Open Browser" library="SeleniumLibrary">
<doc>Opens a new browser instance to the optional ``url``.</doc>
<arguments>
<arg>${url}</arg>
<arg>${browser}</arg>
</arguments>
<msg timestamp="20200714 15:41:18.546" level="INFO">Opening browser 'chrome' to base url 'file:///D:/Login/fileHTML/login.html'.</msg>
<status status="PASS" starttime="20200714 15:41:18.545" endtime="20200714 15:41:21.901"></status>
</kw>
<kw name="Maximize Browser Window" library="SeleniumLibrary">
<doc>Maximizes current browser window.</doc>
<status status="PASS" starttime="20200714 15:41:21.901" endtime="20200714 15:41:24.016"></status>
</kw>
<status status="PASS" starttime="20200714 15:41:18.545" endtime="20200714 15:41:24.017"></status>
</kw>
<kw name="Input Text" library="SeleniumLibrary">
<doc>Types the given ``text`` into the text field identified by ``locator``.</doc>
<arguments>
<arg>${email}</arg>
<arg>&amp;{loginAccount}[user]</arg>
</arguments>
<msg timestamp="20200714 15:41:24.018" level="INFO">Typing text 'admin' into text field '//input[@id="email"]'.</msg>
<status status="PASS" starttime="20200714 15:41:24.017" endtime="20200714 15:41:24.121"></status>
</kw>
<kw name="Input Password" library="SeleniumLibrary">
<doc>Types the given password into the text field identified by ``locator``.</doc>
<arguments>
<arg>${password}</arg>
<arg>123</arg>
</arguments>
<msg timestamp="20200714 15:41:24.122" level="INFO">Typing password into text field '//input[@id="passwd"]'.</msg>
<status status="PASS" starttime="20200714 15:41:24.122" endtime="20200714 15:41:24.206"></status>
</kw>
<kw name="Click Button" library="SeleniumLibrary">
<doc>Clicks the button identified by ``locator``.</doc>
<arguments>
<arg>${buttonSubmit}</arg>
</arguments>
<msg timestamp="20200714 15:41:24.207" level="INFO">Clicking button '//input[@id="btnsubmit"]'.</msg>
<status status="PASS" starttime="20200714 15:41:24.206" endtime="20200714 15:41:24.281"></status>
</kw>
<kw name="Element Text Should Be" library="SeleniumLibrary">
<doc>Verifies that element ``locator`` contains exact the text ``expected``.</doc>
<arguments>
<arg>${loginfailed}</arg>
<arg>Login Successful</arg>
</arguments>
<msg timestamp="20200714 15:41:24.282" level="INFO">Verifying element '//div[@id='loginfailed']/h1' contains exact text 'Login Successful'.</msg>
<status status="PASS" starttime="20200714 15:41:24.281" endtime="20200714 15:41:24.311"></status>
</kw>
<kw name="closeLoginPage" type="teardown">
<kw name="Close Browser" library="SeleniumLibrary">
<doc>Closes the current browser.</doc>
<status status="PASS" starttime="20200714 15:41:24.312" endtime="20200714 15:41:26.503"></status>
</kw>
<status status="PASS" starttime="20200714 15:41:24.312" endtime="20200714 15:41:26.503"></status>
</kw>
<tags>
<tag>firstTest</tag>
</tags>
<status status="PASS" starttime="20200714 15:41:18.544" endtime="20200714 15:41:26.504" critical="yes"></status>
</test>
<test id="s1-t2" name="loginFailed">
<kw name="openLoginPage" type="setup">
<arguments>
<arg>${url}</arg>
<arg>${browser}</arg>
</arguments>
<kw name="Open Browser" library="SeleniumLibrary">
<doc>Opens a new browser instance to the optional ``url``.</doc>
<arguments>
<arg>${url}</arg>
<arg>${browser}</arg>
</arguments>
<msg timestamp="20200714 15:41:26.506" level="INFO">Opening browser 'chrome' to base url 'file:///D:/Login/fileHTML/login.html'.</msg>
<status status="PASS" starttime="20200714 15:41:26.506" endtime="20200714 15:41:29.858"></status>
</kw>
<kw name="Maximize Browser Window" library="SeleniumLibrary">
<doc>Maximizes current browser window.</doc>
<status status="PASS" starttime="20200714 15:41:29.858" endtime="20200714 15:41:31.978"></status>
</kw>
<status status="PASS" starttime="20200714 15:41:26.505" endtime="20200714 15:41:31.978"></status>
</kw>
<kw name="Input Text" library="SeleniumLibrary">
<doc>Types the given ``text`` into the text field identified by ``locator``.</doc>
<arguments>
<arg>${email}</arg>
<arg>${emailInfo}</arg>
</arguments>
<msg timestamp="20200714 15:41:31.979" level="INFO">Typing text 'text' into text field '//input[@id="email"]'.</msg>
<status status="PASS" starttime="20200714 15:41:31.979" endtime="20200714 15:41:32.085"></status>
</kw>
<kw name="Input Password" library="SeleniumLibrary">
<doc>Types the given password into the text field identified by ``locator``.</doc>
<arguments>
<arg>${password}</arg>
<arg>${passwordInfo}</arg>
</arguments>
<msg timestamp="20200714 15:41:32.087" level="INFO">Typing password into text field '//input[@id="passwd"]'.</msg>
<status status="PASS" starttime="20200714 15:41:32.086" endtime="20200714 15:41:32.171"></status>
</kw>
<kw name="Click Button" library="SeleniumLibrary">
<doc>Clicks the button identified by ``locator``.</doc>
<arguments>
<arg>${buttonSubmit}</arg>
</arguments>
<msg timestamp="20200714 15:41:32.172" level="INFO">Clicking button '//input[@id="btnsubmit"]'.</msg>
<status status="PASS" starttime="20200714 15:41:32.171" endtime="20200714 15:41:32.252"></status>
</kw>
<kw name="closeLoginPage" type="teardown">
<kw name="Close Browser" library="SeleniumLibrary">
<doc>Closes the current browser.</doc>
<status status="PASS" starttime="20200714 15:41:32.253" endtime="20200714 15:41:34.436"></status>
</kw>
<status status="PASS" starttime="20200714 15:41:32.252" endtime="20200714 15:41:34.436"></status>
</kw>
<status status="PASS" starttime="20200714 15:41:26.505" endtime="20200714 15:41:34.437" critical="yes"></status>
</test>
<status status="PASS" starttime="20200714 15:41:18.374" endtime="20200714 15:41:34.438"></status>
</suite>
<statistics>
<total>
<stat pass="2" fail="0">Critical Tests</stat>
<stat pass="2" fail="0">All Tests</stat>
</total>
<tag>
<stat pass="1" fail="0">firstTest</stat>
</tag>
<suite>
<stat pass="2" fail="0" id="s1" name="Login">Login</stat>
</suite>
</statistics>
<errors>
</errors>
</robot>
