<?xml version="1.0" encoding="UTF-8"?>
<robot generator="Robot 3.1.2 (Python 3.7.0 on win32)" generated="20200709 18:48:58.633" rpa="false">
<suite id="s1" name="loginSuccess" source="D:\Login\testLogin\loginSuccess.robot">
<test id="s1-t1" name="LoginSuccess">
<kw name="Open Browser" library="SeleniumLibrary">
<doc>Opens a new browser instance to the optional ``url``.</doc>
<arguments>
<arg>${url}</arg>
<arg>${browser}</arg>
</arguments>
<msg timestamp="20200709 18:48:58.803" level="INFO">Opening browser 'chrome' to base url 'file:///D:/Login/fileHTML/login.html'.</msg>
<status status="PASS" starttime="20200709 18:48:58.803" endtime="20200709 18:49:02.599"></status>
</kw>
<kw name="Maximize Browser Window" library="SeleniumLibrary">
<doc>Maximizes current browser window.</doc>
<status status="PASS" starttime="20200709 18:49:02.599" endtime="20200709 18:49:04.721"></status>
</kw>
<kw name="Input Text" library="SeleniumLibrary">
<doc>Types the given ``text`` into the text field identified by ``locator``.</doc>
<arguments>
<arg>${email}</arg>
<arg>&amp;{loginAccount}[user]</arg>
</arguments>
<msg timestamp="20200709 18:49:04.723" level="INFO">Typing text 'admin' into text field '//input[@id="email"]'.</msg>
<status status="PASS" starttime="20200709 18:49:04.723" endtime="20200709 18:49:04.824"></status>
</kw>
<kw name="Input Password" library="SeleniumLibrary">
<doc>Types the given password into the text field identified by ``locator``.</doc>
<arguments>
<arg>${password}</arg>
<arg>123</arg>
</arguments>
<msg timestamp="20200709 18:49:04.825" level="INFO">Typing password into text field '//input[@id="passwd"]'.</msg>
<status status="PASS" starttime="20200709 18:49:04.824" endtime="20200709 18:49:04.901"></status>
</kw>
<kw name="Click Button" library="SeleniumLibrary">
<doc>Clicks the button identified by ``locator``.</doc>
<arguments>
<arg>${buttonSubmit}</arg>
</arguments>
<msg timestamp="20200709 18:49:04.902" level="INFO">Clicking button '//input[@id="btnsubmit"]'.</msg>
<status status="PASS" starttime="20200709 18:49:04.901" endtime="20200709 18:49:04.978"></status>
</kw>
<kw name="Element Text Should Be" library="SeleniumLibrary">
<doc>Verifies that element ``locator`` contains exact the text ``expected``.</doc>
<arguments>
<arg>${loginfailed}</arg>
<arg>Login Successful</arg>
</arguments>
<msg timestamp="20200709 18:49:04.979" level="INFO">Verifying element '//div[@id='loginfailed']/h1' contains exact text 'Login Successful'.</msg>
<status status="PASS" starttime="20200709 18:49:04.978" endtime="20200709 18:49:05.007"></status>
</kw>
<kw name="Close Browser" library="SeleniumLibrary">
<doc>Closes the current browser.</doc>
<status status="PASS" starttime="20200709 18:49:05.008" endtime="20200709 18:49:07.192"></status>
</kw>
<status status="PASS" starttime="20200709 18:48:58.802" endtime="20200709 18:49:07.193" critical="yes"></status>
</test>
<test id="s1-t2" name="loginFaileds">
<kw name="Open Browser" library="SeleniumLibrary">
<doc>Opens a new browser instance to the optional ``url``.</doc>
<arguments>
<arg>${url}</arg>
<arg>${browser}</arg>
</arguments>
<msg timestamp="20200709 18:49:07.195" level="INFO">Opening browser 'chrome' to base url 'file:///D:/Login/fileHTML/login.html'.</msg>
<status status="PASS" starttime="20200709 18:49:07.195" endtime="20200709 18:49:10.685"></status>
</kw>
<kw name="Maximize Browser Window" library="SeleniumLibrary">
<doc>Maximizes current browser window.</doc>
<status status="PASS" starttime="20200709 18:49:10.686" endtime="20200709 18:49:12.803"></status>
</kw>
<kw name="loginFailed">
<kw name="Input Text" library="SeleniumLibrary">
<doc>Types the given ``text`` into the text field identified by ``locator``.</doc>
<arguments>
<arg>${email}</arg>
<arg>@{loginInfo}[0]</arg>
</arguments>
<msg timestamp="20200709 18:49:12.804" level="INFO">Typing text 'text' into text field '//input[@id="email"]'.</msg>
<status status="PASS" starttime="20200709 18:49:12.804" endtime="20200709 18:49:12.901"></status>
</kw>
<kw name="Input Password" library="SeleniumLibrary">
<doc>Types the given password into the text field identified by ``locator``.</doc>
<arguments>
<arg>${password}</arg>
<arg>@{loginInfo}[1]</arg>
</arguments>
<msg timestamp="20200709 18:49:12.901" level="INFO">Typing password into text field '//input[@id="passwd"]'.</msg>
<status status="PASS" starttime="20200709 18:49:12.901" endtime="20200709 18:49:12.979"></status>
</kw>
<kw name="Click Button" library="SeleniumLibrary">
<doc>Clicks the button identified by ``locator``.</doc>
<arguments>
<arg>${buttonSubmit}</arg>
</arguments>
<msg timestamp="20200709 18:49:12.980" level="INFO">Clicking button '//input[@id="btnsubmit"]'.</msg>
<status status="PASS" starttime="20200709 18:49:12.980" endtime="20200709 18:49:13.055"></status>
</kw>
<kw name="Log To Console" library="BuiltIn">
<doc>Logs the given message to the console.</doc>
<arguments>
<arg>run with %{username}</arg>
</arguments>
<status status="PASS" starttime="20200709 18:49:13.056" endtime="20200709 18:49:13.056"></status>
</kw>
<status status="PASS" starttime="20200709 18:49:12.803" endtime="20200709 18:49:13.056"></status>
</kw>
<kw name="Close Browser" library="SeleniumLibrary">
<doc>Closes the current browser.</doc>
<status status="PASS" starttime="20200709 18:49:13.057" endtime="20200709 18:49:15.211"></status>
</kw>
<status status="PASS" starttime="20200709 18:49:07.194" endtime="20200709 18:49:15.211" critical="yes"></status>
</test>
<status status="PASS" starttime="20200709 18:48:58.635" endtime="20200709 18:49:15.213"></status>
</suite>
<statistics>
<total>
<stat pass="2" fail="0">Critical Tests</stat>
<stat pass="2" fail="0">All Tests</stat>
</total>
<tag>
</tag>
<suite>
<stat pass="2" fail="0" id="s1" name="loginSuccess">loginSuccess</stat>
</suite>
</statistics>
<errors>
</errors>
</robot>
