<?xml version="1.0" encoding="UTF-8"?>
<robot generator="Robot 3.1.2 (Python 3.7.0 on win32)" generated="20200720 15:23:03.067" rpa="false">
<suite id="s1" name="Testlogin" source="D:\Login\testLogin\testlogin.robot">
<kw name="openLoginPage" type="setup">
<arguments>
<arg>${url}</arg>
<arg>${browser}</arg>
</arguments>
<kw name="Append To Environment Variable" library="OperatingSystem">
<doc>Appends given ``values`` to environment variable ``name``.</doc>
<arguments>
<arg>PATH</arg>
<arg>${EXECDIR}${/}drivers</arg>
</arguments>
<msg timestamp="20200720 15:23:03.236" level="INFO">Environment variable 'PATH' set to value 'c:\users\citigo\appdata\local\programs\python\python37\lib\site-packages\pywin32_system32;C:\ProgramData\Oracle\Java\javapath;C:\WINDOWS\system32;C:\WINDOWS;C:\WINDOWS\System32\Wbem;C:\WINDOWS\System32\WindowsPowerShell\v1.0\;C:\WINDOWS\System32\OpenSSH\;C:\ProgramData\chocolatey\bin;C:\Program Files\Java\jdk1.8.0_211\bin;C:\ProgramData\chocolatey\lib\maven\apache-maven-3.6.3\bin;C:\Program Files\Git\cmd;C:\Program Files\JetBrains\PyCharm 2020.1.2\bin;C:\Users\Citigo\AppData\Local\Programs\Python\Python37\Scripts\;C:\Users\Citigo\AppData\Local\Programs\Python\Python37\Scripts\;C:\Users\Citigo\AppData\Local\Programs\Python\Python37\;C:\Users\Citigo\AppData\Local\Microsoft\WindowsApps;C:\Users\Citigo\AppData\Local\atom\bin;;D:\Login\drivers'.</msg>
<status status="PASS" starttime="20200720 15:23:03.236" endtime="20200720 15:23:03.237"></status>
</kw>
<kw name="Open Browser" library="SeleniumLibrary">
<doc>Opens a new browser instance to the optional ``url``.</doc>
<arguments>
<arg>${url}</arg>
<arg>${browser}</arg>
<arg>remote_url=http://192.168.31.11:4455/wd/hub</arg>
</arguments>
<msg timestamp="20200720 15:23:03.237" level="INFO">Opening browser 'chrome' to base url 'file:///D:/Login/fileHTML/login.html' through remote server at 'http://192.168.31.11:4455/wd/hub'.</msg>
<status status="PASS" starttime="20200720 15:23:03.237" endtime="20200720 15:23:07.007"></status>
</kw>
<kw name="Maximize Browser Window" library="SeleniumLibrary">
<doc>Maximizes current browser window.</doc>
<status status="PASS" starttime="20200720 15:23:07.007" endtime="20200720 15:23:09.129"></status>
</kw>
<kw name="Title Should Be" library="SeleniumLibrary">
<doc>Verifies that the current page title equals ``title``.</doc>
<arguments>
<arg>Login Page</arg>
</arguments>
<msg timestamp="20200720 15:23:09.139" level="INFO">Page title is 'Login Page'.</msg>
<status status="PASS" starttime="20200720 15:23:09.129" endtime="20200720 15:23:09.139"></status>
</kw>
<status status="PASS" starttime="20200720 15:23:03.236" endtime="20200720 15:23:09.139"></status>
</kw>
<test id="s1-t1" name="LoginSuccess">
<kw name="Input Text" library="SeleniumLibrary">
<doc>Types the given ``text`` into the text field identified by ``locator``.</doc>
<arguments>
<arg>${email}</arg>
<arg>&amp;{loginAccount}[user]</arg>
</arguments>
<msg timestamp="20200720 15:23:09.145" level="INFO">Typing text 'admin' into text field '//input[@id="email"]'.</msg>
<status status="PASS" starttime="20200720 15:23:09.143" endtime="20200720 15:23:09.268"></status>
</kw>
<kw name="Input Password" library="SeleniumLibrary">
<doc>Types the given password into the text field identified by ``locator``.</doc>
<arguments>
<arg>${password}</arg>
<arg>123</arg>
</arguments>
<msg timestamp="20200720 15:23:09.270" level="INFO">Typing password into text field '//input[@id="passwd"]'.</msg>
<status status="PASS" starttime="20200720 15:23:09.269" endtime="20200720 15:23:09.369"></status>
</kw>
<kw name="Click Button" library="SeleniumLibrary">
<doc>Clicks the button identified by ``locator``.</doc>
<arguments>
<arg>${buttonSubmit}</arg>
</arguments>
<msg timestamp="20200720 15:23:09.372" level="INFO">Clicking button '//input[@id="btnsubmit"]'.</msg>
<status status="PASS" starttime="20200720 15:23:09.372" endtime="20200720 15:23:09.449"></status>
</kw>
<kw name="Element Text Should Be" library="SeleniumLibrary">
<doc>Verifies that element ``locator`` contains exact the text ``expected``.</doc>
<arguments>
<arg>${loginfailed}</arg>
<arg>Login Successful</arg>
</arguments>
<msg timestamp="20200720 15:23:09.449" level="INFO">Verifying element '//div[@id='loginfailed']/h1' contains exact text 'Login Successful'.</msg>
<status status="PASS" starttime="20200720 15:23:09.449" endtime="20200720 15:23:09.485"></status>
</kw>
<status status="PASS" starttime="20200720 15:23:09.139" endtime="20200720 15:23:09.487" critical="yes"></status>
</test>
<test id="s1-t2" name="loginFailed">
<kw name="Go To" library="SeleniumLibrary">
<doc>Navigates the current browser window to the provided ``url``.</doc>
<arguments>
<arg>${url}</arg>
</arguments>
<msg timestamp="20200720 15:23:09.495" level="INFO">Opening url 'file:///D:/Login/fileHTML/login.html'</msg>
<status status="PASS" starttime="20200720 15:23:09.495" endtime="20200720 15:23:09.518"></status>
</kw>
<kw name="Input Text" library="SeleniumLibrary">
<doc>Types the given ``text`` into the text field identified by ``locator``.</doc>
<arguments>
<arg>${email}</arg>
<arg>${emailInfo}</arg>
</arguments>
<msg timestamp="20200720 15:23:09.525" level="INFO">Typing text 'text' into text field '//input[@id="email"]'.</msg>
<status status="PASS" starttime="20200720 15:23:09.524" endtime="20200720 15:23:09.618"></status>
</kw>
<kw name="Input Password" library="SeleniumLibrary">
<doc>Types the given password into the text field identified by ``locator``.</doc>
<arguments>
<arg>${password}</arg>
<arg>${passwordInfo}</arg>
</arguments>
<msg timestamp="20200720 15:23:09.621" level="INFO">Typing password into text field '//input[@id="passwd"]'.</msg>
<status status="PASS" starttime="20200720 15:23:09.620" endtime="20200720 15:23:09.702"></status>
</kw>
<kw name="Click Button" library="SeleniumLibrary">
<doc>Clicks the button identified by ``locator``.</doc>
<arguments>
<arg>${buttonSubmit}</arg>
</arguments>
<msg timestamp="20200720 15:23:09.703" level="INFO">Clicking button '//input[@id="btnsubmit"]'.</msg>
<status status="PASS" starttime="20200720 15:23:09.702" endtime="20200720 15:23:09.784"></status>
</kw>
<status status="PASS" starttime="20200720 15:23:09.495" endtime="20200720 15:23:09.784" critical="yes"></status>
</test>
<kw name="closeLoginPage" type="teardown">
<kw name="Close Browser" library="SeleniumLibrary">
<doc>Closes the current browser.</doc>
<status status="PASS" starttime="20200720 15:23:09.785" endtime="20200720 15:23:09.911"></status>
</kw>
<status status="PASS" starttime="20200720 15:23:09.785" endtime="20200720 15:23:09.912"></status>
</kw>
<status status="PASS" starttime="20200720 15:23:03.069" endtime="20200720 15:23:09.912"></status>
</suite>
<statistics>
<total>
<stat pass="2" fail="0">Critical Tests</stat>
<stat pass="2" fail="0">All Tests</stat>
</total>
<tag>
</tag>
<suite>
<stat pass="2" fail="0" id="s1" name="Testlogin">Testlogin</stat>
</suite>
</statistics>
<errors>
</errors>
</robot>
