<?xml version="1.0" encoding="UTF-8"?>
<robot generator="Robot 3.1.2 (Python 3.8.3 on win32)" generated="20200709 22:09:22.442" rpa="false">
<suite id="s1" name="loginSuccess" source="D:\RobotFWAtom\Testlogin\loginSuccess.robot">
<test id="s1-t1" name="loginFaileds">
<kw name="Open Browser" library="SeleniumLibrary">
<doc>Opens a new browser instance to the optional ``url``.</doc>
<arguments>
<arg>${url}</arg>
<arg>${browser}</arg>
</arguments>
<msg timestamp="20200709 22:09:22.785" level="INFO">Opening browser 'chrome' to base url 'file:///D:/ROBOTFWATOM/fileHTML/login.html'.</msg>
<status status="PASS" starttime="20200709 22:09:22.785" endtime="20200709 22:09:26.388"></status>
</kw>
<kw name="Maximize Browser Window" library="SeleniumLibrary">
<doc>Maximizes current browser window.</doc>
<status status="PASS" starttime="20200709 22:09:26.392" endtime="20200709 22:09:28.571"></status>
</kw>
<kw name="loginFailed">
<kw name="Input Text" library="SeleniumLibrary">
<doc>Types the given ``text`` into the text field identified by ``locator``.</doc>
<arguments>
<arg>${email}</arg>
<arg>@{loginInfo}[0]</arg>
</arguments>
<msg timestamp="20200709 22:09:28.573" level="INFO">Typing text 'text' into text field '//input[@id="email"]'.</msg>
<status status="PASS" starttime="20200709 22:09:28.572" endtime="20200709 22:09:28.722"></status>
</kw>
<kw name="Input Password" library="SeleniumLibrary">
<doc>Types the given password into the text field identified by ``locator``.</doc>
<arguments>
<arg>${password}</arg>
<arg>@{loginInfo}[1]</arg>
</arguments>
<msg timestamp="20200709 22:09:28.723" level="INFO">Typing password into text field '//input[@id="passwd"]'.</msg>
<status status="PASS" starttime="20200709 22:09:28.723" endtime="20200709 22:09:28.842"></status>
</kw>
<kw name="Click Button" library="SeleniumLibrary">
<doc>Clicks the button identified by ``locator``.</doc>
<arguments>
<arg>${buttonSubmit}</arg>
</arguments>
<msg timestamp="20200709 22:09:28.843" level="INFO">Clicking button '//input[@id="btnsubmit"]'.</msg>
<status status="PASS" starttime="20200709 22:09:28.842" endtime="20200709 22:09:28.944"></status>
</kw>
<kw name="Log To Console" library="BuiltIn">
<doc>Logs the given message to the console.</doc>
<arguments>
<arg>run with %{username}</arg>
</arguments>
<status status="PASS" starttime="20200709 22:09:28.944" endtime="20200709 22:09:28.945"></status>
</kw>
<status status="PASS" starttime="20200709 22:09:28.572" endtime="20200709 22:09:28.945"></status>
</kw>
<kw name="Close Browser" library="SeleniumLibrary">
<doc>Closes the current browser.</doc>
<status status="PASS" starttime="20200709 22:09:28.946" endtime="20200709 22:09:31.111"></status>
</kw>
<status status="PASS" starttime="20200709 22:09:22.784" endtime="20200709 22:09:31.112" critical="yes"></status>
</test>
<status status="PASS" starttime="20200709 22:09:22.445" endtime="20200709 22:09:31.114"></status>
</suite>
<statistics>
<total>
<stat pass="1" fail="0">Critical Tests</stat>
<stat pass="1" fail="0">All Tests</stat>
</total>
<tag>
</tag>
<suite>
<stat pass="1" fail="0" id="s1" name="loginSuccess">loginSuccess</stat>
</suite>
</statistics>
<errors>
</errors>
</robot>
