<?xml version="1.0" encoding="UTF-8"?>
<robot generator="Robot 3.1.2 (Python 3.7.0 on win32)" generated="20200709 13:18:20.219" rpa="false">
<suite id="s1" name="loginSuccess" source="D:\Login\testLogin\loginSuccess.robot">
<test id="s1-t1" name="LoginSuccess">
<kw name="Open Browser" library="SeleniumLibrary">
<doc>Opens a new browser instance to the optional ``url``.</doc>
<arguments>
<arg>${url}</arg>
<arg>${browser}</arg>
</arguments>
<msg timestamp="20200709 13:18:20.365" level="INFO">Opening browser 'chrome' to base url 'file:///D:/Login/fileHTML/login.html'.</msg>
<status status="PASS" starttime="20200709 13:18:20.364" endtime="20200709 13:18:23.666"></status>
</kw>
<kw name="Maximize Browser Window" library="SeleniumLibrary">
<doc>Maximizes current browser window.</doc>
<status status="PASS" starttime="20200709 13:18:23.667" endtime="20200709 13:18:25.785"></status>
</kw>
<kw name="Input Text" library="SeleniumLibrary">
<doc>Types the given ``text`` into the text field identified by ``locator``.</doc>
<arguments>
<arg>${email}</arg>
<arg>&amp;{loginAccount}[user]</arg>
</arguments>
<msg timestamp="20200709 13:18:25.786" level="INFO">Typing text 'admin' into text field '//input[@id="email"]'.</msg>
<status status="PASS" starttime="20200709 13:18:25.786" endtime="20200709 13:18:25.894"></status>
</kw>
<kw name="Input Password" library="SeleniumLibrary">
<doc>Types the given password into the text field identified by ``locator``.</doc>
<arguments>
<arg>${password}</arg>
<arg>123</arg>
</arguments>
<msg timestamp="20200709 13:18:25.895" level="INFO">Typing password into text field '//input[@id="passwd"]'.</msg>
<status status="PASS" starttime="20200709 13:18:25.895" endtime="20200709 13:18:25.982"></status>
</kw>
<kw name="Click Button" library="SeleniumLibrary">
<doc>Clicks the button identified by ``locator``.</doc>
<arguments>
<arg>${buttonSubmit}</arg>
</arguments>
<msg timestamp="20200709 13:18:25.983" level="INFO">Clicking button '//input[@id="btnsubmit"]'.</msg>
<status status="PASS" starttime="20200709 13:18:25.982" endtime="20200709 13:18:26.055"></status>
</kw>
<kw name="Element Text Should Be" library="SeleniumLibrary">
<doc>Verifies that element ``locator`` contains exact the text ``expected``.</doc>
<arguments>
<arg>${loginfailed}</arg>
<arg>Login Successful</arg>
</arguments>
<msg timestamp="20200709 13:18:26.057" level="INFO">Verifying element '//div[@id='loginfailed']/h1' contains exact text 'Login Successful'.</msg>
<status status="PASS" starttime="20200709 13:18:26.056" endtime="20200709 13:18:26.084"></status>
</kw>
<kw name="Close Browser" library="SeleniumLibrary">
<doc>Closes the current browser.</doc>
<status status="PASS" starttime="20200709 13:18:26.085" endtime="20200709 13:18:28.197"></status>
</kw>
<status status="PASS" starttime="20200709 13:18:20.363" endtime="20200709 13:18:28.198" critical="yes"></status>
</test>
<test id="s1-t2" name="loginFailed">
<kw name="Open Browser" library="SeleniumLibrary">
<doc>Opens a new browser instance to the optional ``url``.</doc>
<arguments>
<arg>${url}</arg>
<arg>${browser}</arg>
</arguments>
<msg timestamp="20200709 13:18:28.200" level="INFO">Opening browser 'chrome' to base url 'file:///D:/Login/fileHTML/login.html'.</msg>
<status status="PASS" starttime="20200709 13:18:28.200" endtime="20200709 13:18:31.583"></status>
</kw>
<kw name="Maximize Browser Window" library="SeleniumLibrary">
<doc>Maximizes current browser window.</doc>
<status status="PASS" starttime="20200709 13:18:31.583" endtime="20200709 13:18:33.698"></status>
</kw>
<kw name="Input Text" library="SeleniumLibrary">
<doc>Types the given ``text`` into the text field identified by ``locator``.</doc>
<arguments>
<arg>${email}</arg>
<arg>@{loginInfo}[0]</arg>
</arguments>
<msg timestamp="20200709 13:18:33.699" level="INFO">Typing text 'text' into text field '//input[@id="email"]'.</msg>
<status status="PASS" starttime="20200709 13:18:33.699" endtime="20200709 13:18:33.800"></status>
</kw>
<kw name="Input Password" library="SeleniumLibrary">
<doc>Types the given password into the text field identified by ``locator``.</doc>
<arguments>
<arg>${password}</arg>
<arg>@{loginInfo}[1]</arg>
</arguments>
<msg timestamp="20200709 13:18:33.801" level="INFO">Typing password into text field '//input[@id="passwd"]'.</msg>
<status status="PASS" starttime="20200709 13:18:33.800" endtime="20200709 13:18:33.885"></status>
</kw>
<kw name="Click Button" library="SeleniumLibrary">
<doc>Clicks the button identified by ``locator``.</doc>
<arguments>
<arg>${buttonSubmit}</arg>
</arguments>
<msg timestamp="20200709 13:18:33.886" level="INFO">Clicking button '//input[@id="btnsubmit"]'.</msg>
<status status="PASS" starttime="20200709 13:18:33.885" endtime="20200709 13:18:33.955"></status>
</kw>
<kw name="Log To Console" library="BuiltIn">
<doc>Logs the given message to the console.</doc>
<arguments>
<arg>run with ghj %{username}</arg>
</arguments>
<status status="PASS" starttime="20200709 13:18:33.955" endtime="20200709 13:18:33.956"></status>
</kw>
<kw name="Close Browser" library="SeleniumLibrary">
<doc>Closes the current browser.</doc>
<status status="PASS" starttime="20200709 13:18:33.956" endtime="20200709 13:18:36.066"></status>
</kw>
<status status="PASS" starttime="20200709 13:18:28.200" endtime="20200709 13:18:36.067" critical="yes"></status>
</test>
<status status="PASS" starttime="20200709 13:18:20.220" endtime="20200709 13:18:36.068"></status>
</suite>
<statistics>
<total>
<stat pass="2" fail="0">Critical Tests</stat>
<stat pass="2" fail="0">All Tests</stat>
</total>
<tag>
</tag>
<suite>
<stat pass="2" fail="0" id="s1" name="loginSuccess">loginSuccess</stat>
</suite>
</statistics>
<errors>
</errors>
</robot>
