<?xml version="1.0" encoding="UTF-8"?>
<robot generator="Robot 3.1.2 (Python 3.7.0 on win32)" generated="20200707 19:01:41.863" rpa="false">
<suite id="s1" name="loginSuccess" source="D:\Login\testLogin\loginSuccess.robot">
<test id="s1-t1" name="LoginSuccess">
<kw name="Open Browser" library="SeleniumLibrary">
<doc>Opens a new browser instance to the optional ``url``.</doc>
<arguments>
<arg>${url}</arg>
<arg>${browser}</arg>
</arguments>
<msg timestamp="20200707 19:01:42.012" level="INFO">Opening browser 'chrome' to base url 'file:///D:/Login/fileHTML/login.html'.</msg>
<status status="PASS" starttime="20200707 19:01:42.011" endtime="20200707 19:01:45.375"></status>
</kw>
<kw name="Maximize Browser Window" library="SeleniumLibrary">
<doc>Maximizes current browser window.</doc>
<status status="PASS" starttime="20200707 19:01:45.375" endtime="20200707 19:01:47.493"></status>
</kw>
<kw name="Input Text" library="SeleniumLibrary">
<doc>Types the given ``text`` into the text field identified by ``locator``.</doc>
<arguments>
<arg>${email}</arg>
<arg>admin@gmail.com</arg>
</arguments>
<msg timestamp="20200707 19:01:47.494" level="INFO">Typing text 'admin@gmail.com' into text field '//input[@id="email"]'.</msg>
<status status="PASS" starttime="20200707 19:01:47.494" endtime="20200707 19:01:47.625"></status>
</kw>
<kw name="Input Password" library="SeleniumLibrary">
<doc>Types the given password into the text field identified by ``locator``.</doc>
<arguments>
<arg>${password}</arg>
<arg>admin</arg>
</arguments>
<msg timestamp="20200707 19:01:47.625" level="INFO">Typing password into text field '//input[@id="passwd"]'.</msg>
<status status="PASS" starttime="20200707 19:01:47.625" endtime="20200707 19:01:47.707"></status>
</kw>
<kw name="Click Button" library="SeleniumLibrary">
<doc>Clicks the button identified by ``locator``.</doc>
<arguments>
<arg>${buttonSubmit}</arg>
</arguments>
<msg timestamp="20200707 19:01:47.708" level="INFO">Clicking button '//input[@id="btnsubmit"]'.</msg>
<status status="PASS" starttime="20200707 19:01:47.708" endtime="20200707 19:01:51.915"></status>
</kw>
<kw name="Element Text Should Be" library="SeleniumLibrary">
<doc>Verifies that element ``locator`` contains exact the text ``expected``.</doc>
<arguments>
<arg>${loginfailed}</arg>
<arg>Login Successful</arg>
</arguments>
<msg timestamp="20200707 19:01:51.916" level="INFO">Verifying element '//div[@id='loginfailed']/h1' contains exact text 'Login Successful'.</msg>
<kw name="Capture Page Screenshot" library="SeleniumLibrary">
<doc>Takes a screenshot of the current page and embeds it into a log file.</doc>
<msg timestamp="20200707 19:01:52.377" level="INFO" html="yes">&lt;/td&gt;&lt;/tr&gt;&lt;tr&gt;&lt;td colspan="3"&gt;&lt;a href="selenium-screenshot-2.png"&gt;&lt;img src="selenium-screenshot-2.png" width="800px"&gt;&lt;/a&gt;</msg>
<status status="PASS" starttime="20200707 19:01:51.933" endtime="20200707 19:01:52.377"></status>
</kw>
<msg timestamp="20200707 19:01:52.379" level="FAIL">Element with locator '//div[@id='loginfailed']/h1' not found.</msg>
<status status="FAIL" starttime="20200707 19:01:51.916" endtime="20200707 19:01:52.379"></status>
</kw>
<status status="FAIL" starttime="20200707 19:01:42.011" endtime="20200707 19:01:52.380" critical="yes">Element with locator '//div[@id='loginfailed']/h1' not found.</status>
</test>
<status status="FAIL" starttime="20200707 19:01:41.864" endtime="20200707 19:01:52.381"></status>
</suite>
<statistics>
<total>
<stat pass="0" fail="1">Critical Tests</stat>
<stat pass="0" fail="1">All Tests</stat>
</total>
<tag>
</tag>
<suite>
<stat pass="0" fail="1" id="s1" name="loginSuccess">loginSuccess</stat>
</suite>
</statistics>
<errors>
</errors>
</robot>
