<?xml version="1.0" encoding="UTF-8"?>
<robot generator="Robot 3.1.2 (Python 3.8.3 on win32)" generated="20200709 22:44:19.552" rpa="false">
<suite id="s1" name="loginSuccess" source="D:\RobotFWAtom\testLogin\loginSuccess.robot">
<kw name="Log" library="BuiltIn" type="setup">
<doc>Logs the given message with the given level.</doc>
<arguments>
<arg>Run testSuite</arg>
</arguments>
<msg timestamp="20200709 22:44:19.971" level="INFO">Run testSuite</msg>
<status status="PASS" starttime="20200709 22:44:19.970" endtime="20200709 22:44:19.971"></status>
</kw>
<test id="s1-t1" name="LoginSuccess">
<kw name="Open Browser" library="SeleniumLibrary">
<doc>Opens a new browser instance to the optional ``url``.</doc>
<arguments>
<arg>${url}</arg>
<arg>${browser}</arg>
</arguments>
<msg timestamp="20200709 22:44:19.972" level="INFO">Opening browser 'chrome' to base url 'file:///D:/ROBOTFWATOM/fileHTML/login.html'.</msg>
<status status="PASS" starttime="20200709 22:44:19.972" endtime="20200709 22:44:23.793"></status>
</kw>
<kw name="Maximize Browser Window" library="SeleniumLibrary">
<doc>Maximizes current browser window.</doc>
<status status="PASS" starttime="20200709 22:44:23.826" endtime="20200709 22:44:26.140"></status>
</kw>
<kw name="Input Text" library="SeleniumLibrary">
<doc>Types the given ``text`` into the text field identified by ``locator``.</doc>
<arguments>
<arg>${email}</arg>
<arg>&amp;{loginAccount}[user]</arg>
</arguments>
<msg timestamp="20200709 22:44:26.142" level="INFO">Typing text 'admin' into text field '//input[@id="email"]'.</msg>
<status status="PASS" starttime="20200709 22:44:26.141" endtime="20200709 22:44:26.457"></status>
</kw>
<kw name="Input Password" library="SeleniumLibrary">
<doc>Types the given password into the text field identified by ``locator``.</doc>
<arguments>
<arg>${password}</arg>
<arg>123</arg>
</arguments>
<msg timestamp="20200709 22:44:26.459" level="INFO">Typing password into text field '//input[@id="passwd"]'.</msg>
<status status="PASS" starttime="20200709 22:44:26.458" endtime="20200709 22:44:26.703"></status>
</kw>
<kw name="Click Button" library="SeleniumLibrary">
<doc>Clicks the button identified by ``locator``.</doc>
<arguments>
<arg>${buttonSubmit}</arg>
</arguments>
<msg timestamp="20200709 22:44:26.704" level="INFO">Clicking button '//input[@id="btnsubmit"]'.</msg>
<status status="PASS" starttime="20200709 22:44:26.703" endtime="20200709 22:44:26.974"></status>
</kw>
<kw name="Element Text Should Be" library="SeleniumLibrary">
<doc>Verifies that element ``locator`` contains exact the text ``expected``.</doc>
<arguments>
<arg>${loginfailed}</arg>
<arg>Login Successful</arg>
</arguments>
<msg timestamp="20200709 22:44:26.976" level="INFO">Verifying element '//div[@id='loginfailed']/h1' contains exact text 'Login Successful'.</msg>
<status status="PASS" starttime="20200709 22:44:26.975" endtime="20200709 22:44:27.106"></status>
</kw>
<kw name="Close Browser" library="SeleniumLibrary">
<doc>Closes the current browser.</doc>
<status status="PASS" starttime="20200709 22:44:27.107" endtime="20200709 22:44:29.487"></status>
</kw>
<tags>
<tag>firstTest</tag>
</tags>
<status status="PASS" starttime="20200709 22:44:19.971" endtime="20200709 22:44:29.488" critical="yes"></status>
</test>
<test id="s1-t2" name="loginFaileds">
<kw name="Open Browser" library="SeleniumLibrary">
<doc>Opens a new browser instance to the optional ``url``.</doc>
<arguments>
<arg>${url}</arg>
<arg>${browser}</arg>
</arguments>
<msg timestamp="20200709 22:44:29.497" level="INFO">Opening browser 'chrome' to base url 'file:///D:/ROBOTFWATOM/fileHTML/login.html'.</msg>
<status status="PASS" starttime="20200709 22:44:29.496" endtime="20200709 22:44:33.637"></status>
</kw>
<kw name="Maximize Browser Window" library="SeleniumLibrary">
<doc>Maximizes current browser window.</doc>
<status status="PASS" starttime="20200709 22:44:33.650" endtime="20200709 22:44:36.011"></status>
</kw>
<kw name="loginFailed">
<kw name="Input Text" library="SeleniumLibrary">
<doc>Types the given ``text`` into the text field identified by ``locator``.</doc>
<arguments>
<arg>${email}</arg>
<arg>@{loginInfo}[0]</arg>
</arguments>
<msg timestamp="20200709 22:44:36.013" level="INFO">Typing text 'text' into text field '//input[@id="email"]'.</msg>
<status status="PASS" starttime="20200709 22:44:36.012" endtime="20200709 22:44:36.512"></status>
</kw>
<kw name="Input Password" library="SeleniumLibrary">
<doc>Types the given password into the text field identified by ``locator``.</doc>
<arguments>
<arg>${password}</arg>
<arg>@{loginInfo}[1]</arg>
</arguments>
<msg timestamp="20200709 22:44:36.513" level="INFO">Typing password into text field '//input[@id="passwd"]'.</msg>
<status status="PASS" starttime="20200709 22:44:36.513" endtime="20200709 22:44:36.885"></status>
</kw>
<kw name="Click Button" library="SeleniumLibrary">
<doc>Clicks the button identified by ``locator``.</doc>
<arguments>
<arg>${buttonSubmit}</arg>
</arguments>
<msg timestamp="20200709 22:44:36.888" level="INFO">Clicking button '//input[@id="btnsubmit"]'.</msg>
<status status="PASS" starttime="20200709 22:44:36.885" endtime="20200709 22:44:37.361"></status>
</kw>
<kw name="Log To Console" library="BuiltIn">
<doc>Logs the given message to the console.</doc>
<arguments>
<arg>run with %{username}</arg>
</arguments>
<status status="PASS" starttime="20200709 22:44:37.361" endtime="20200709 22:44:37.370"></status>
</kw>
<status status="PASS" starttime="20200709 22:44:36.011" endtime="20200709 22:44:37.370"></status>
</kw>
<kw name="Close Browser" library="SeleniumLibrary">
<doc>Closes the current browser.</doc>
<status status="PASS" starttime="20200709 22:44:37.372" endtime="20200709 22:44:39.610"></status>
</kw>
<status status="PASS" starttime="20200709 22:44:29.495" endtime="20200709 22:44:39.611" critical="yes"></status>
</test>
<kw name="Log" library="BuiltIn" type="teardown">
<doc>Logs the given message with the given level.</doc>
<arguments>
<arg>Run teardownTS</arg>
</arguments>
<msg timestamp="20200709 22:44:39.614" level="INFO">Run teardownTS</msg>
<status status="PASS" starttime="20200709 22:44:39.614" endtime="20200709 22:44:39.614"></status>
</kw>
<status status="PASS" starttime="20200709 22:44:19.554" endtime="20200709 22:44:39.614"></status>
</suite>
<statistics>
<total>
<stat pass="2" fail="0">Critical Tests</stat>
<stat pass="2" fail="0">All Tests</stat>
</total>
<tag>
<stat pass="1" fail="0">firstTest</stat>
</tag>
<suite>
<stat pass="2" fail="0" id="s1" name="loginSuccess">loginSuccess</stat>
</suite>
</statistics>
<errors>
</errors>
</robot>
